<?xml version="1.0" encoding="UTF-8" ?>
<testsuite tests="4" failures="0" name="edu.depaul.se480.MovieRecommendationUnitTest" time="6.275" errors="0" skipped="0">
  <properties>
[...]
</properties>
  <testcase classname="edu.depaul.se480.MovieRecommendationUnitTest" name="successful_older17_test" time="0.95"/>
  <testcase classname="edu.depaul.se480.MovieRecommendationUnitTest" name="mock_successful_tests" time="5.325"/>
  <testcase classname="edu.depaul.se480.MovieRecommendationUnitTest" name="successful_under13_test" time="0"/>
  <testcase classname="edu.depaul.se480.MovieRecommendationUnitTest" name="successful_older13younger17_test" time="0"/>
</testsuite>